2019-04-08 16:05:55.713 |-ERROR [http-bio-9999-exec-8] com.senchen365.eshop.web.controller.management.SystemAccountController [137] -| 权限展示：
2019-04-08 16:05:55.714 |-ERROR [http-bio-9999-exec-8] com.senchen365.eshop.web.controller.management.SystemAccountController [139] -| 个人中心
2019-04-08 16:05:55.714 |-ERROR [http-bio-9999-exec-8] com.senchen365.eshop.web.controller.management.SystemAccountController [141] -| --------修改头像
2019-04-08 16:05:55.714 |-ERROR [http-bio-9999-exec-8] com.senchen365.eshop.web.controller.management.SystemAccountController [141] -| --------修改头像
2019-04-08 16:05:55.715 |-ERROR [http-bio-9999-exec-8] com.senchen365.eshop.web.controller.management.SystemAccountController [141] -| --------修改密码
2019-04-08 16:05:55.715 |-ERROR [http-bio-9999-exec-8] com.senchen365.eshop.web.controller.management.SystemAccountController [141] -| --------修改密码
2019-04-08 16:05:55.715 |-ERROR [http-bio-9999-exec-8] com.senchen365.eshop.web.controller.management.SystemAccountController [141] -| --------退出
2019-04-08 16:05:55.715 |-ERROR [http-bio-9999-exec-8] com.senchen365.eshop.web.controller.management.SystemAccountController [139] -| 机构管理
2019-04-08 16:05:55.716 |-ERROR [http-bio-9999-exec-8] com.senchen365.eshop.web.controller.management.SystemAccountController [141] -| --------部门管理
2019-04-08 16:05:55.716 |-ERROR [http-bio-9999-exec-8] com.senchen365.eshop.web.controller.management.SystemAccountController [141] -| --------区域管理
2019-04-08 16:05:55.716 |-ERROR [http-bio-9999-exec-8] com.senchen365.eshop.web.controller.management.SystemAccountController [141] -| --------门店管理
2019-04-08 16:05:55.716 |-ERROR [http-bio-9999-exec-8] com.senchen365.eshop.web.controller.management.SystemAccountController [139] -| 商品管理
2019-04-08 16:05:55.716 |-ERROR [http-bio-9999-exec-8] com.senchen365.eshop.web.controller.management.SystemAccountController [141] -| --------线上类别
2019-04-08 16:05:55.716 |-ERROR [http-bio-9999-exec-8] com.senchen365.eshop.web.controller.management.SystemAccountController [141] -| --------线下商品库
2019-04-08 16:05:55.716 |-ERROR [http-bio-9999-exec-8] com.senchen365.eshop.web.controller.management.SystemAccountController [141] -| --------线上商品
2019-04-08 16:05:55.717 |-ERROR [http-bio-9999-exec-8] com.senchen365.eshop.web.controller.management.SystemAccountController [139] -| 活动管理
2019-04-08 16:05:55.717 |-ERROR [http-bio-9999-exec-8] com.senchen365.eshop.web.controller.management.SystemAccountController [141] -| --------档期管理
2019-04-08 16:05:55.717 |-ERROR [http-bio-9999-exec-8] com.senchen365.eshop.web.controller.management.SystemAccountController [141] -| --------特价商品管理
2019-04-08 16:05:55.717 |-ERROR [http-bio-9999-exec-8] com.senchen365.eshop.web.controller.management.SystemAccountController [139] -| 会员管理
2019-04-08 16:05:55.717 |-ERROR [http-bio-9999-exec-8] com.senchen365.eshop.web.controller.management.SystemAccountController [141] -| --------会员管理
2019-04-08 16:05:55.717 |-ERROR [http-bio-9999-exec-8] com.senchen365.eshop.web.controller.management.SystemAccountController [139] -| 订单管理
2019-04-08 16:05:55.718 |-ERROR [http-bio-9999-exec-8] com.senchen365.eshop.web.controller.management.SystemAccountController [141] -| --------订单管理
2019-04-08 16:05:55.718 |-ERROR [http-bio-9999-exec-8] com.senchen365.eshop.web.controller.management.SystemAccountController [139] -| 系统管理
2019-04-08 16:05:55.718 |-ERROR [http-bio-9999-exec-8] com.senchen365.eshop.web.controller.management.SystemAccountController [141] -| --------账号管理
2019-04-08 16:05:55.718 |-ERROR [http-bio-9999-exec-8] com.senchen365.eshop.web.controller.management.SystemAccountController [141] -| --------网站轮播图
2019-04-08 16:05:55.718 |-ERROR [http-bio-9999-exec-8] com.senchen365.eshop.web.controller.management.SystemAccountController [139] -| 品农文章管理
2019-04-08 16:05:55.718 |-ERROR [http-bio-9999-exec-8] com.senchen365.eshop.web.controller.management.SystemAccountController [141] -| --------关于我们
2019-04-08 16:05:58.248 |-ERROR [http-bio-9999-exec-8] com.senchen365.eshop.web.controller.management.SystemAccountController [141] -| --------法律政策
2019-04-08 16:05:58.249 |-ERROR [http-bio-9999-exec-8] com.senchen365.eshop.web.controller.management.SystemAccountController [141] -| --------联系我们
2019-04-08 16:05:58.249 |-ERROR [http-bio-9999-exec-8] com.senchen365.eshop.web.controller.management.SystemAccountController [141] -| --------正品保证
2019-04-08 16:05:58.249 |-ERROR [http-bio-9999-exec-8] com.senchen365.eshop.web.controller.management.SystemAccountController [141] -| --------购物指南
2019-04-08 16:05:58.249 |-ERROR [http-bio-9999-exec-8] com.senchen365.eshop.web.controller.management.SystemAccountController [141] -| --------费用说明
2019-04-08 16:05:58.249 |-ERROR [http-bio-9999-exec-8] com.senchen365.eshop.web.controller.management.SystemAccountController [141] -| --------实名认证
2019-04-08 16:05:58.249 |-ERROR [http-bio-9999-exec-8] com.senchen365.eshop.web.controller.management.SystemAccountController [141] -| --------签收说明
2019-04-08 16:05:58.250 |-ERROR [http-bio-9999-exec-8] com.senchen365.eshop.web.controller.management.SystemAccountController [141] -| --------运输时效
2019-04-08 16:05:58.250 |-ERROR [http-bio-9999-exec-8] com.senchen365.eshop.web.controller.management.SystemAccountController [139] -| 品质文章管理
2019-04-08 16:05:58.250 |-ERROR [http-bio-9999-exec-8] com.senchen365.eshop.web.controller.management.SystemAccountController [141] -| --------关于我们
2019-04-08 16:05:58.250 |-ERROR [http-bio-9999-exec-8] com.senchen365.eshop.web.controller.management.SystemAccountController [141] -| --------法律政策
2019-04-08 16:05:58.250 |-ERROR [http-bio-9999-exec-8] com.senchen365.eshop.web.controller.management.SystemAccountController [141] -| --------联系我们
2019-04-08 16:05:58.251 |-ERROR [http-bio-9999-exec-8] com.senchen365.eshop.web.controller.management.SystemAccountController [141] -| --------正品保证
2019-04-08 16:05:58.251 |-ERROR [http-bio-9999-exec-8] com.senchen365.eshop.web.controller.management.SystemAccountController [141] -| --------购物指南
2019-04-08 16:05:58.251 |-ERROR [http-bio-9999-exec-8] com.senchen365.eshop.web.controller.management.SystemAccountController [141] -| --------费用说明
2019-04-08 16:05:58.251 |-ERROR [http-bio-9999-exec-8] com.senchen365.eshop.web.controller.management.SystemAccountController [141] -| --------实名认证
2019-04-08 16:05:58.251 |-ERROR [http-bio-9999-exec-8] com.senchen365.eshop.web.controller.management.SystemAccountController [141] -| --------签收说明
2019-04-08 16:05:58.251 |-ERROR [http-bio-9999-exec-8] com.senchen365.eshop.web.controller.management.SystemAccountController [141] -| --------运输时效
2019-04-08 16:05:58.251 |-ERROR [http-bio-9999-exec-8] com.senchen365.eshop.web.controller.management.SystemAccountController [139] -| 官方微信管理
2019-04-08 16:05:58.251 |-ERROR [http-bio-9999-exec-8] com.senchen365.eshop.web.controller.management.SystemAccountController [141] -| --------公司简介
2019-04-08 16:05:58.252 |-ERROR [http-bio-9999-exec-8] com.senchen365.eshop.web.controller.management.SystemAccountController [141] -| --------联系方式
2019-04-08 16:05:58.252 |-ERROR [http-bio-9999-exec-8] com.senchen365.eshop.web.controller.management.SystemAccountController [141] -| --------海报发布
2019-04-08 16:05:58.252 |-ERROR [http-bio-9999-exec-8] com.senchen365.eshop.web.controller.management.SystemAccountController [139] -| 报表管理
2019-04-08 16:05:58.252 |-ERROR [http-bio-9999-exec-8] com.senchen365.eshop.web.controller.management.SystemAccountController [141] -| --------销售额统计
2019-04-08 16:08:59.667 |-ERROR [http-bio-9999-exec-7] com.senchen365.eshop.web.controller.management.SystemAccountController [137] -| 权限展示：
2019-04-08 16:08:59.670 |-ERROR [http-bio-9999-exec-7] com.senchen365.eshop.web.controller.management.SystemAccountController [139] -| 个人中心
2019-04-08 16:08:59.670 |-ERROR [http-bio-9999-exec-7] com.senchen365.eshop.web.controller.management.SystemAccountController [141] -| --------修改头像
2019-04-08 16:08:59.670 |-ERROR [http-bio-9999-exec-7] com.senchen365.eshop.web.controller.management.SystemAccountController [141] -| --------修改头像
2019-04-08 16:08:59.670 |-ERROR [http-bio-9999-exec-7] com.senchen365.eshop.web.controller.management.SystemAccountController [141] -| --------修改密码
2019-04-08 16:08:59.671 |-ERROR [http-bio-9999-exec-7] com.senchen365.eshop.web.controller.management.SystemAccountController [141] -| --------修改密码
2019-04-08 16:08:59.672 |-ERROR [http-bio-9999-exec-7] com.senchen365.eshop.web.controller.management.SystemAccountController [141] -| --------退出
2019-04-08 16:08:59.672 |-ERROR [http-bio-9999-exec-7] com.senchen365.eshop.web.controller.management.SystemAccountController [139] -| 机构管理
2019-04-08 16:08:59.672 |-ERROR [http-bio-9999-exec-7] com.senchen365.eshop.web.controller.management.SystemAccountController [141] -| --------部门管理
2019-04-08 16:08:59.672 |-ERROR [http-bio-9999-exec-7] com.senchen365.eshop.web.controller.management.SystemAccountController [141] -| --------区域管理
2019-04-08 16:08:59.672 |-ERROR [http-bio-9999-exec-7] com.senchen365.eshop.web.controller.management.SystemAccountController [141] -| --------门店管理
2019-04-08 16:08:59.672 |-ERROR [http-bio-9999-exec-7] com.senchen365.eshop.web.controller.management.SystemAccountController [139] -| 商品管理
2019-04-08 16:08:59.673 |-ERROR [http-bio-9999-exec-7] com.senchen365.eshop.web.controller.management.SystemAccountController [141] -| --------线上类别
2019-04-08 16:08:59.673 |-ERROR [http-bio-9999-exec-7] com.senchen365.eshop.web.controller.management.SystemAccountController [141] -| --------线下商品库
2019-04-08 16:08:59.674 |-ERROR [http-bio-9999-exec-7] com.senchen365.eshop.web.controller.management.SystemAccountController [141] -| --------线上商品
2019-04-08 16:08:59.674 |-ERROR [http-bio-9999-exec-7] com.senchen365.eshop.web.controller.management.SystemAccountController [139] -| 活动管理
2019-04-08 16:08:59.674 |-ERROR [http-bio-9999-exec-7] com.senchen365.eshop.web.controller.management.SystemAccountController [141] -| --------档期管理
2019-04-08 16:08:59.674 |-ERROR [http-bio-9999-exec-7] com.senchen365.eshop.web.controller.management.SystemAccountController [141] -| --------特价商品管理
2019-04-08 16:08:59.674 |-ERROR [http-bio-9999-exec-7] com.senchen365.eshop.web.controller.management.SystemAccountController [139] -| 会员管理
2019-04-08 16:08:59.674 |-ERROR [http-bio-9999-exec-7] com.senchen365.eshop.web.controller.management.SystemAccountController [141] -| --------会员管理
2019-04-08 16:08:59.674 |-ERROR [http-bio-9999-exec-7] com.senchen365.eshop.web.controller.management.SystemAccountController [139] -| 订单管理
2019-04-08 16:08:59.674 |-ERROR [http-bio-9999-exec-7] com.senchen365.eshop.web.controller.management.SystemAccountController [141] -| --------订单管理
2019-04-08 16:08:59.675 |-ERROR [http-bio-9999-exec-7] com.senchen365.eshop.web.controller.management.SystemAccountController [139] -| 系统管理
2019-04-08 16:08:59.675 |-ERROR [http-bio-9999-exec-7] com.senchen365.eshop.web.controller.management.SystemAccountController [141] -| --------账号管理
2019-04-08 16:08:59.675 |-ERROR [http-bio-9999-exec-7] com.senchen365.eshop.web.controller.management.SystemAccountController [141] -| --------网站轮播图
2019-04-08 16:08:59.675 |-ERROR [http-bio-9999-exec-7] com.senchen365.eshop.web.controller.management.SystemAccountController [139] -| 品农文章管理
2019-04-08 16:08:59.675 |-ERROR [http-bio-9999-exec-7] com.senchen365.eshop.web.controller.management.SystemAccountController [141] -| --------关于我们
2019-04-08 16:08:59.675 |-ERROR [http-bio-9999-exec-7] com.senchen365.eshop.web.controller.management.SystemAccountController [141] -| --------法律政策
2019-04-08 16:08:59.675 |-ERROR [http-bio-9999-exec-7] com.senchen365.eshop.web.controller.management.SystemAccountController [141] -| --------联系我们
2019-04-08 16:08:59.675 |-ERROR [http-bio-9999-exec-7] com.senchen365.eshop.web.controller.management.SystemAccountController [141] -| --------正品保证
2019-04-08 16:08:59.675 |-ERROR [http-bio-9999-exec-7] com.senchen365.eshop.web.controller.management.SystemAccountController [141] -| --------购物指南
2019-04-08 16:08:59.676 |-ERROR [http-bio-9999-exec-7] com.senchen365.eshop.web.controller.management.SystemAccountController [141] -| --------费用说明
2019-04-08 16:08:59.676 |-ERROR [http-bio-9999-exec-7] com.senchen365.eshop.web.controller.management.SystemAccountController [141] -| --------实名认证
2019-04-08 16:08:59.676 |-ERROR [http-bio-9999-exec-7] com.senchen365.eshop.web.controller.management.SystemAccountController [141] -| --------签收说明
2019-04-08 16:08:59.676 |-ERROR [http-bio-9999-exec-7] com.senchen365.eshop.web.controller.management.SystemAccountController [141] -| --------运输时效
2019-04-08 16:08:59.676 |-ERROR [http-bio-9999-exec-7] com.senchen365.eshop.web.controller.management.SystemAccountController [139] -| 品质文章管理
2019-04-08 16:08:59.676 |-ERROR [http-bio-9999-exec-7] com.senchen365.eshop.web.controller.management.SystemAccountController [141] -| --------关于我们
2019-04-08 16:08:59.676 |-ERROR [http-bio-9999-exec-7] com.senchen365.eshop.web.controller.management.SystemAccountController [141] -| --------法律政策
2019-04-08 16:08:59.676 |-ERROR [http-bio-9999-exec-7] com.senchen365.eshop.web.controller.management.SystemAccountController [141] -| --------联系我们
2019-04-08 16:08:59.677 |-ERROR [http-bio-9999-exec-7] com.senchen365.eshop.web.controller.management.SystemAccountController [141] -| --------正品保证
2019-04-08 16:08:59.677 |-ERROR [http-bio-9999-exec-7] com.senchen365.eshop.web.controller.management.SystemAccountController [141] -| --------购物指南
2019-04-08 16:08:59.677 |-ERROR [http-bio-9999-exec-7] com.senchen365.eshop.web.controller.management.SystemAccountController [141] -| --------费用说明
2019-04-08 16:08:59.677 |-ERROR [http-bio-9999-exec-7] com.senchen365.eshop.web.controller.management.SystemAccountController [141] -| --------实名认证
2019-04-08 16:08:59.677 |-ERROR [http-bio-9999-exec-7] com.senchen365.eshop.web.controller.management.SystemAccountController [141] -| --------签收说明
2019-04-08 16:08:59.677 |-ERROR [http-bio-9999-exec-7] com.senchen365.eshop.web.controller.management.SystemAccountController [141] -| --------运输时效
2019-04-08 16:08:59.678 |-ERROR [http-bio-9999-exec-7] com.senchen365.eshop.web.controller.management.SystemAccountController [139] -| 官方微信管理
2019-04-08 16:08:59.678 |-ERROR [http-bio-9999-exec-7] com.senchen365.eshop.web.controller.management.SystemAccountController [141] -| --------公司简介
2019-04-08 16:08:59.679 |-ERROR [http-bio-9999-exec-7] com.senchen365.eshop.web.controller.management.SystemAccountController [141] -| --------联系方式
2019-04-08 16:08:59.679 |-ERROR [http-bio-9999-exec-7] com.senchen365.eshop.web.controller.management.SystemAccountController [141] -| --------海报发布
2019-04-08 16:08:59.679 |-ERROR [http-bio-9999-exec-7] com.senchen365.eshop.web.controller.management.SystemAccountController [139] -| 报表管理
2019-04-08 16:08:59.679 |-ERROR [http-bio-9999-exec-7] com.senchen365.eshop.web.controller.management.SystemAccountController [141] -| --------销售额统计
2019-04-08 16:09:11.768 |-ERROR [http-bio-9999-exec-9] com.senchen365.eshop.web.controller.management.SystemAccountController [137] -| 权限展示：
2019-04-08 16:09:11.769 |-ERROR [http-bio-9999-exec-9] com.senchen365.eshop.web.controller.management.SystemAccountController [139] -| 个人中心
2019-04-08 16:09:11.769 |-ERROR [http-bio-9999-exec-9] com.senchen365.eshop.web.controller.management.SystemAccountController [141] -| --------修改头像
2019-04-08 16:09:11.769 |-ERROR [http-bio-9999-exec-9] com.senchen365.eshop.web.controller.management.SystemAccountController [141] -| --------修改头像
2019-04-08 16:09:11.769 |-ERROR [http-bio-9999-exec-9] com.senchen365.eshop.web.controller.management.SystemAccountController [141] -| --------修改密码
2019-04-08 16:09:11.769 |-ERROR [http-bio-9999-exec-9] com.senchen365.eshop.web.controller.management.SystemAccountController [141] -| --------修改密码
2019-04-08 16:09:11.769 |-ERROR [http-bio-9999-exec-9] com.senchen365.eshop.web.controller.management.SystemAccountController [141] -| --------退出
2019-04-08 16:09:11.769 |-ERROR [http-bio-9999-exec-9] com.senchen365.eshop.web.controller.management.SystemAccountController [139] -| 机构管理
2019-04-08 16:09:11.770 |-ERROR [http-bio-9999-exec-9] com.senchen365.eshop.web.controller.management.SystemAccountController [141] -| --------部门管理
2019-04-08 16:09:11.770 |-ERROR [http-bio-9999-exec-9] com.senchen365.eshop.web.controller.management.SystemAccountController [141] -| --------区域管理
2019-04-08 16:09:11.770 |-ERROR [http-bio-9999-exec-9] com.senchen365.eshop.web.controller.management.SystemAccountController [141] -| --------门店管理
2019-04-08 16:09:11.770 |-ERROR [http-bio-9999-exec-9] com.senchen365.eshop.web.controller.management.SystemAccountController [139] -| 商品管理
2019-04-08 16:09:11.770 |-ERROR [http-bio-9999-exec-9] com.senchen365.eshop.web.controller.management.SystemAccountController [141] -| --------线上类别
2019-04-08 16:09:11.770 |-ERROR [http-bio-9999-exec-9] com.senchen365.eshop.web.controller.management.SystemAccountController [141] -| --------线下商品库
2019-04-08 16:09:11.771 |-ERROR [http-bio-9999-exec-9] com.senchen365.eshop.web.controller.management.SystemAccountController [141] -| --------线上商品
2019-04-08 16:09:11.771 |-ERROR [http-bio-9999-exec-9] com.senchen365.eshop.web.controller.management.SystemAccountController [139] -| 活动管理
2019-04-08 16:09:11.771 |-ERROR [http-bio-9999-exec-9] com.senchen365.eshop.web.controller.management.SystemAccountController [141] -| --------档期管理
2019-04-08 16:09:11.771 |-ERROR [http-bio-9999-exec-9] com.senchen365.eshop.web.controller.management.SystemAccountController [141] -| --------特价商品管理
2019-04-08 16:09:11.771 |-ERROR [http-bio-9999-exec-9] com.senchen365.eshop.web.controller.management.SystemAccountController [139] -| 会员管理
2019-04-08 16:09:11.771 |-ERROR [http-bio-9999-exec-9] com.senchen365.eshop.web.controller.management.SystemAccountController [141] -| --------会员管理
2019-04-08 16:09:11.771 |-ERROR [http-bio-9999-exec-9] com.senchen365.eshop.web.controller.management.SystemAccountController [139] -| 订单管理
2019-04-08 16:09:11.771 |-ERROR [http-bio-9999-exec-9] com.senchen365.eshop.web.controller.management.SystemAccountController [141] -| --------订单管理
2019-04-08 16:09:11.771 |-ERROR [http-bio-9999-exec-9] com.senchen365.eshop.web.controller.management.SystemAccountController [139] -| 系统管理
2019-04-08 16:09:11.771 |-ERROR [http-bio-9999-exec-9] com.senchen365.eshop.web.controller.management.SystemAccountController [141] -| --------账号管理
2019-04-08 16:09:11.772 |-ERROR [http-bio-9999-exec-9] com.senchen365.eshop.web.controller.management.SystemAccountController [141] -| --------网站轮播图
2019-04-08 16:09:11.772 |-ERROR [http-bio-9999-exec-9] com.senchen365.eshop.web.controller.management.SystemAccountController [139] -| 品农文章管理
2019-04-08 16:09:11.772 |-ERROR [http-bio-9999-exec-9] com.senchen365.eshop.web.controller.management.SystemAccountController [141] -| --------关于我们
2019-04-08 16:09:11.772 |-ERROR [http-bio-9999-exec-9] com.senchen365.eshop.web.controller.management.SystemAccountController [141] -| --------法律政策
2019-04-08 16:09:11.773 |-ERROR [http-bio-9999-exec-9] com.senchen365.eshop.web.controller.management.SystemAccountController [141] -| --------联系我们
2019-04-08 16:09:11.773 |-ERROR [http-bio-9999-exec-9] com.senchen365.eshop.web.controller.management.SystemAccountController [141] -| --------正品保证
2019-04-08 16:09:11.773 |-ERROR [http-bio-9999-exec-9] com.senchen365.eshop.web.controller.management.SystemAccountController [141] -| --------购物指南
2019-04-08 16:09:11.773 |-ERROR [http-bio-9999-exec-9] com.senchen365.eshop.web.controller.management.SystemAccountController [141] -| --------费用说明
2019-04-08 16:09:11.773 |-ERROR [http-bio-9999-exec-9] com.senchen365.eshop.web.controller.management.SystemAccountController [141] -| --------实名认证
2019-04-08 16:09:11.773 |-ERROR [http-bio-9999-exec-9] com.senchen365.eshop.web.controller.management.SystemAccountController [141] -| --------签收说明
2019-04-08 16:09:11.773 |-ERROR [http-bio-9999-exec-9] com.senchen365.eshop.web.controller.management.SystemAccountController [141] -| --------运输时效
2019-04-08 16:09:11.773 |-ERROR [http-bio-9999-exec-9] com.senchen365.eshop.web.controller.management.SystemAccountController [139] -| 品质文章管理
2019-04-08 16:09:11.774 |-ERROR [http-bio-9999-exec-9] com.senchen365.eshop.web.controller.management.SystemAccountController [141] -| --------关于我们
2019-04-08 16:09:11.774 |-ERROR [http-bio-9999-exec-9] com.senchen365.eshop.web.controller.management.SystemAccountController [141] -| --------法律政策
2019-04-08 16:09:11.774 |-ERROR [http-bio-9999-exec-9] com.senchen365.eshop.web.controller.management.SystemAccountController [141] -| --------联系我们
2019-04-08 16:09:11.774 |-ERROR [http-bio-9999-exec-9] com.senchen365.eshop.web.controller.management.SystemAccountController [141] -| --------正品保证
2019-04-08 16:09:11.774 |-ERROR [http-bio-9999-exec-9] com.senchen365.eshop.web.controller.management.SystemAccountController [141] -| --------购物指南
2019-04-08 16:09:11.774 |-ERROR [http-bio-9999-exec-9] com.senchen365.eshop.web.controller.management.SystemAccountController [141] -| --------费用说明
2019-04-08 16:09:11.774 |-ERROR [http-bio-9999-exec-9] com.senchen365.eshop.web.controller.management.SystemAccountController [141] -| --------实名认证
2019-04-08 16:09:11.774 |-ERROR [http-bio-9999-exec-9] com.senchen365.eshop.web.controller.management.SystemAccountController [141] -| --------签收说明
2019-04-08 16:09:11.774 |-ERROR [http-bio-9999-exec-9] com.senchen365.eshop.web.controller.management.SystemAccountController [141] -| --------运输时效
2019-04-08 16:09:11.774 |-ERROR [http-bio-9999-exec-9] com.senchen365.eshop.web.controller.management.SystemAccountController [139] -| 官方微信管理
2019-04-08 16:09:11.775 |-ERROR [http-bio-9999-exec-9] com.senchen365.eshop.web.controller.management.SystemAccountController [141] -| --------公司简介
2019-04-08 16:09:11.776 |-ERROR [http-bio-9999-exec-9] com.senchen365.eshop.web.controller.management.SystemAccountController [141] -| --------联系方式
2019-04-08 16:09:11.776 |-ERROR [http-bio-9999-exec-9] com.senchen365.eshop.web.controller.management.SystemAccountController [141] -| --------海报发布
2019-04-08 16:09:11.776 |-ERROR [http-bio-9999-exec-9] com.senchen365.eshop.web.controller.management.SystemAccountController [139] -| 报表管理
2019-04-08 16:09:11.776 |-ERROR [http-bio-9999-exec-9] com.senchen365.eshop.web.controller.management.SystemAccountController [141] -| --------销售额统计
2019-04-08 16:09:21.120 |-ERROR [http-bio-9999-exec-10] com.senchen365.eshop.web.controller.management.SystemAccountController [137] -| 权限展示：
2019-04-08 16:09:21.121 |-ERROR [http-bio-9999-exec-10] com.senchen365.eshop.web.controller.management.SystemAccountController [139] -| 个人中心
2019-04-08 16:09:21.121 |-ERROR [http-bio-9999-exec-10] com.senchen365.eshop.web.controller.management.SystemAccountController [141] -| --------修改头像
2019-04-08 16:09:21.121 |-ERROR [http-bio-9999-exec-10] com.senchen365.eshop.web.controller.management.SystemAccountController [141] -| --------修改头像
2019-04-08 16:09:21.122 |-ERROR [http-bio-9999-exec-10] com.senchen365.eshop.web.controller.management.SystemAccountController [141] -| --------修改密码
2019-04-08 16:09:21.122 |-ERROR [http-bio-9999-exec-10] com.senchen365.eshop.web.controller.management.SystemAccountController [141] -| --------修改密码
2019-04-08 16:09:21.122 |-ERROR [http-bio-9999-exec-10] com.senchen365.eshop.web.controller.management.SystemAccountController [141] -| --------退出
2019-04-08 16:09:21.122 |-ERROR [http-bio-9999-exec-10] com.senchen365.eshop.web.controller.management.SystemAccountController [139] -| 机构管理
2019-04-08 16:09:21.122 |-ERROR [http-bio-9999-exec-10] com.senchen365.eshop.web.controller.management.SystemAccountController [141] -| --------部门管理
2019-04-08 16:09:21.123 |-ERROR [http-bio-9999-exec-10] com.senchen365.eshop.web.controller.management.SystemAccountController [141] -| --------区域管理
2019-04-08 16:09:21.123 |-ERROR [http-bio-9999-exec-10] com.senchen365.eshop.web.controller.management.SystemAccountController [141] -| --------门店管理
2019-04-08 16:09:21.123 |-ERROR [http-bio-9999-exec-10] com.senchen365.eshop.web.controller.management.SystemAccountController [139] -| 商品管理
2019-04-08 16:09:21.123 |-ERROR [http-bio-9999-exec-10] com.senchen365.eshop.web.controller.management.SystemAccountController [141] -| --------线上类别
2019-04-08 16:09:21.123 |-ERROR [http-bio-9999-exec-10] com.senchen365.eshop.web.controller.management.SystemAccountController [141] -| --------线下商品库
2019-04-08 16:09:21.123 |-ERROR [http-bio-9999-exec-10] com.senchen365.eshop.web.controller.management.SystemAccountController [141] -| --------线上商品
2019-04-08 16:09:21.123 |-ERROR [http-bio-9999-exec-10] com.senchen365.eshop.web.controller.management.SystemAccountController [139] -| 活动管理
2019-04-08 16:09:21.123 |-ERROR [http-bio-9999-exec-10] com.senchen365.eshop.web.controller.management.SystemAccountController [141] -| --------档期管理
2019-04-08 16:09:21.124 |-ERROR [http-bio-9999-exec-10] com.senchen365.eshop.web.controller.management.SystemAccountController [141] -| --------特价商品管理
2019-04-08 16:09:21.124 |-ERROR [http-bio-9999-exec-10] com.senchen365.eshop.web.controller.management.SystemAccountController [139] -| 会员管理
2019-04-08 16:09:21.124 |-ERROR [http-bio-9999-exec-10] com.senchen365.eshop.web.controller.management.SystemAccountController [141] -| --------会员管理
2019-04-08 16:09:21.124 |-ERROR [http-bio-9999-exec-10] com.senchen365.eshop.web.controller.management.SystemAccountController [139] -| 订单管理
2019-04-08 16:09:21.124 |-ERROR [http-bio-9999-exec-10] com.senchen365.eshop.web.controller.management.SystemAccountController [141] -| --------订单管理
2019-04-08 16:09:21.124 |-ERROR [http-bio-9999-exec-10] com.senchen365.eshop.web.controller.management.SystemAccountController [139] -| 系统管理
2019-04-08 16:09:21.124 |-ERROR [http-bio-9999-exec-10] com.senchen365.eshop.web.controller.management.SystemAccountController [141] -| --------账号管理
2019-04-08 16:09:21.124 |-ERROR [http-bio-9999-exec-10] com.senchen365.eshop.web.controller.management.SystemAccountController [141] -| --------网站轮播图
2019-04-08 16:09:21.124 |-ERROR [http-bio-9999-exec-10] com.senchen365.eshop.web.controller.management.SystemAccountController [139] -| 品农文章管理
2019-04-08 16:09:21.125 |-ERROR [http-bio-9999-exec-10] com.senchen365.eshop.web.controller.management.SystemAccountController [141] -| --------关于我们
2019-04-08 16:09:21.126 |-ERROR [http-bio-9999-exec-10] com.senchen365.eshop.web.controller.management.SystemAccountController [141] -| --------法律政策
2019-04-08 16:09:21.126 |-ERROR [http-bio-9999-exec-10] com.senchen365.eshop.web.controller.management.SystemAccountController [141] -| --------联系我们
2019-04-08 16:09:21.126 |-ERROR [http-bio-9999-exec-10] com.senchen365.eshop.web.controller.management.SystemAccountController [141] -| --------正品保证
2019-04-08 16:09:21.126 |-ERROR [http-bio-9999-exec-10] com.senchen365.eshop.web.controller.management.SystemAccountController [141] -| --------购物指南
2019-04-08 16:09:21.127 |-ERROR [http-bio-9999-exec-10] com.senchen365.eshop.web.controller.management.SystemAccountController [141] -| --------费用说明
2019-04-08 16:09:21.127 |-ERROR [http-bio-9999-exec-10] com.senchen365.eshop.web.controller.management.SystemAccountController [141] -| --------实名认证
2019-04-08 16:09:21.127 |-ERROR [http-bio-9999-exec-10] com.senchen365.eshop.web.controller.management.SystemAccountController [141] -| --------签收说明
2019-04-08 16:09:21.127 |-ERROR [http-bio-9999-exec-10] com.senchen365.eshop.web.controller.management.SystemAccountController [141] -| --------运输时效
2019-04-08 16:09:21.127 |-ERROR [http-bio-9999-exec-10] com.senchen365.eshop.web.controller.management.SystemAccountController [139] -| 品质文章管理
2019-04-08 16:09:21.127 |-ERROR [http-bio-9999-exec-10] com.senchen365.eshop.web.controller.management.SystemAccountController [141] -| --------关于我们
2019-04-08 16:09:21.127 |-ERROR [http-bio-9999-exec-10] com.senchen365.eshop.web.controller.management.SystemAccountController [141] -| --------法律政策
2019-04-08 16:09:21.127 |-ERROR [http-bio-9999-exec-10] com.senchen365.eshop.web.controller.management.SystemAccountController [141] -| --------联系我们
2019-04-08 16:09:21.129 |-ERROR [http-bio-9999-exec-10] com.senchen365.eshop.web.controller.management.SystemAccountController [141] -| --------正品保证
2019-04-08 16:09:21.129 |-ERROR [http-bio-9999-exec-10] com.senchen365.eshop.web.controller.management.SystemAccountController [141] -| --------购物指南
2019-04-08 16:09:21.129 |-ERROR [http-bio-9999-exec-10] com.senchen365.eshop.web.controller.management.SystemAccountController [141] -| --------费用说明
2019-04-08 16:09:21.130 |-ERROR [http-bio-9999-exec-10] com.senchen365.eshop.web.controller.management.SystemAccountController [141] -| --------实名认证
2019-04-08 16:09:21.130 |-ERROR [http-bio-9999-exec-10] com.senchen365.eshop.web.controller.management.SystemAccountController [141] -| --------签收说明
2019-04-08 16:09:21.130 |-ERROR [http-bio-9999-exec-10] com.senchen365.eshop.web.controller.management.SystemAccountController [141] -| --------运输时效
2019-04-08 16:09:21.130 |-ERROR [http-bio-9999-exec-10] com.senchen365.eshop.web.controller.management.SystemAccountController [139] -| 官方微信管理
2019-04-08 16:09:21.131 |-ERROR [http-bio-9999-exec-10] com.senchen365.eshop.web.controller.management.SystemAccountController [141] -| --------公司简介
2019-04-08 16:09:21.131 |-ERROR [http-bio-9999-exec-10] com.senchen365.eshop.web.controller.management.SystemAccountController [141] -| --------联系方式
2019-04-08 16:09:21.131 |-ERROR [http-bio-9999-exec-10] com.senchen365.eshop.web.controller.management.SystemAccountController [141] -| --------海报发布
2019-04-08 16:09:21.131 |-ERROR [http-bio-9999-exec-10] com.senchen365.eshop.web.controller.management.SystemAccountController [139] -| 报表管理
2019-04-08 16:09:21.131 |-ERROR [http-bio-9999-exec-10] com.senchen365.eshop.web.controller.management.SystemAccountController [141] -| --------销售额统计
