2019-04-08 16:04:32.947 |-INFO  [localhost-startStop-1] org.springframework.web.context.ContextLoader [305] -| Root WebApplicationContext: initialization started
2019-04-08 16:04:33.163 |-INFO  [localhost-startStop-1] org.springframework.web.context.support.XmlWebApplicationContext [583] -| Refreshing Root WebApplicationContext: startup date [Mon Apr 08 16:04:33 GMT+08:00 2019]; root of context hierarchy
2019-04-08 16:04:33.300 |-INFO  [localhost-startStop-1] org.springframework.beans.factory.xml.XmlBeanDefinitionReader [317] -| Loading XML bean definitions from class path resource [spring-core.xml]
2019-04-08 16:04:35.024 |-INFO  [localhost-startStop-1] org.springframework.beans.factory.annotation.AutowiredAnnotationBeanPostProcessor [155] -| JSR-330 'javax.inject.Inject' annotation found and supported for autowiring
2019-04-08 16:04:38.859 |-INFO  [localhost-startStop-1] com.alibaba.druid.pool.DruidDataSource [914] -| {dataSource-1} inited
2019-04-08 16:04:40.237 |-INFO  [localhost-startStop-1] org.springframework.cache.ehcache.EhCacheManagerFactoryBean [130] -| Initializing EhCache CacheManager
2019-04-08 16:04:40.626 |-INFO  [localhost-startStop-1] org.springframework.web.context.ContextLoader [345] -| Root WebApplicationContext: initialization completed in 7659 ms
2019-04-08 16:04:40.688 |-INFO  [localhost-startStop-1] org.springframework.web.servlet.DispatcherServlet [489] -| FrameworkServlet 'servlet': initialization started
2019-04-08 16:04:40.693 |-INFO  [localhost-startStop-1] org.springframework.web.context.support.XmlWebApplicationContext [583] -| Refreshing WebApplicationContext for namespace 'servlet-servlet': startup date [Mon Apr 08 16:04:40 GMT+08:00 2019]; parent: Root WebApplicationContext
2019-04-08 16:04:40.694 |-INFO  [localhost-startStop-1] org.springframework.beans.factory.xml.XmlBeanDefinitionReader [317] -| Loading XML bean definitions from ServletContext resource [/WEB-INF/spring-mvc.xml]
2019-04-08 16:04:40.905 |-INFO  [localhost-startStop-1] org.springframework.beans.factory.annotation.AutowiredAnnotationBeanPostProcessor [155] -| JSR-330 'javax.inject.Inject' annotation found and supported for autowiring
2019-04-08 16:04:41.440 |-INFO  [localhost-startStop-1] org.springframework.web.servlet.handler.SimpleUrlHandlerMapping [354] -| Mapped URL path [/**] onto handler 'org.springframework.web.servlet.resource.DefaultServletHttpRequestHandler#0'
2019-04-08 16:04:41.531 |-INFO  [localhost-startStop-1] org.springframework.web.servlet.mvc.method.annotation.RequestMappingHandlerMapping [543] -| Mapped "{[/],methods=[GET]}" onto public java.lang.String com.senchen365.eshop.web.controller.management.HomeController.goHome(javax.servlet.http.HttpServletRequest)
2019-04-08 16:04:41.533 |-INFO  [localhost-startStop-1] org.springframework.web.servlet.mvc.method.annotation.RequestMappingHandlerMapping [543] -| Mapped "{[/management/jcaptcha-validate],methods=[GET]}" onto public java.util.HashMap com.senchen365.eshop.web.controller.management.PatCodeController.identifyingCode(javax.servlet.http.HttpServletRequest,java.lang.String)
2019-04-08 16:04:41.536 |-INFO  [localhost-startStop-1] org.springframework.web.servlet.mvc.method.annotation.RequestMappingHandlerMapping [543] -| Mapped "{[/management/user/login.action],methods=[POST]}" onto public java.lang.String com.senchen365.eshop.web.controller.management.SystemAccountController.doLogin(javax.servlet.http.HttpServletRequest,java.lang.String,java.lang.String)
2019-04-08 16:04:41.537 |-INFO  [localhost-startStop-1] org.springframework.web.servlet.mvc.method.annotation.RequestMappingHandlerMapping [543] -| Mapped "{[/management/user/goHome],methods=[GET]}" onto public java.lang.String com.senchen365.eshop.web.controller.management.SystemAccountController.goHome()
2019-04-08 16:04:41.538 |-INFO  [localhost-startStop-1] org.springframework.web.servlet.mvc.method.annotation.RequestMappingHandlerMapping [543] -| Mapped "{[/qiniu/uploadImg],methods=[POST]}" onto public com.senchen365.eshop.po.ResultInfo com.senchen365.eshop.web.controller.QiniuCloudController.uploadImg(org.springframework.web.multipart.MultipartFile,javax.servlet.http.HttpServletRequest)
2019-04-08 16:04:41.712 |-INFO  [localhost-startStop-1] org.hibernate.validator.internal.util.Version [27] -| HV000001: Hibernate Validator 5.1.2.Final
2019-04-08 16:04:43.471 |-INFO  [localhost-startStop-1] org.springframework.web.servlet.mvc.method.annotation.RequestMappingHandlerAdapter [534] -| Looking for @ControllerAdvice: WebApplicationContext for namespace 'servlet-servlet': startup date [Mon Apr 08 16:04:40 GMT+08:00 2019]; parent: Root WebApplicationContext
2019-04-08 16:04:43.542 |-INFO  [localhost-startStop-1] org.springframework.web.servlet.mvc.method.annotation.RequestMappingHandlerAdapter [534] -| Looking for @ControllerAdvice: WebApplicationContext for namespace 'servlet-servlet': startup date [Mon Apr 08 16:04:40 GMT+08:00 2019]; parent: Root WebApplicationContext
2019-04-08 16:04:43.617 |-INFO  [localhost-startStop-1] org.springframework.web.servlet.DispatcherServlet [508] -| FrameworkServlet 'servlet': initialization completed in 2928 ms
